更新 ccaae06..c7b2bf0
Fast-forward
 _posts/2020-03-21-Redux的基本概念.md          | 558 +++++++++++++++++++++
 ...2020-04-02-RNGN与Redux联合使用的探索.md | 249 +++++++++
 _posts/2020-04-07-PureMVC在JavaScript的实现.md | 244 +++++++++
 ...4-10-关于在内网环境部署Docker业务.md | 102 ++++
 _posts/Oracle数据库基本架构.md              | 212 +++++++-
 res/1*QERgzuzphdQz4e0fNs1CFQ.gif                   | Bin 0 -> 2805887 bytes
 res/image-20200326101646686.png                    | Bin 0 -> 166069 bytes
 res/image-20200326121810984.png                    | Bin 0 -> 44452 bytes
 res/image-20200326122206184.png                    | Bin 0 -> 112854 bytes
 res/image-20200326131141694.png                    | Bin 0 -> 52930 bytes
 10 files changed, 1350 insertions(+), 15 deletions(-)
 create mode 100644 _posts/2020-03-21-Redux的基本概念.md
 create mode 100644 _posts/2020-04-02-RNGN与Redux联合使用的探索.md
 create mode 100644 _posts/2020-04-07-PureMVC在JavaScript的实现.md
 create mode 100644 _posts/2020-04-10-关于在内网环境部署Docker业务.md
 create mode 100644 res/1*QERgzuzphdQz4e0fNs1CFQ.gif
 create mode 100644 res/image-20200326101646686.png
 create mode 100644 res/image-20200326121810984.png
 create mode 100644 res/image-20200326122206184.png
 create mode 100644 res/image-20200326131141694.png
